<?xml version="1.0" encoding="UTF-8"?>
<!-- Generated by org.testng.reporters.JUnitReportReporter -->
<testsuite skipped="0" hostname="QQSPLOXLTP0078" name="betheHeroProject.BeTheHero_tc_9" tests="1" failures="0" timestamp="13 Sep 2022 10:33:30 GMT" time="19.694" errors="0">
  <testcase name="testCase9" time="19.694" classname="betheHeroProject.BeTheHero_tc_9"/>
</testsuite> <!-- betheHeroProject.BeTheHero_tc_9 -->
