<?xml version="1.0" encoding="UTF-8"?>
<!-- Generated by org.testng.reporters.JUnitReportReporter -->
<testsuite skipped="0" hostname="QQSPLOXLTP0078" name="betheHeroProject.BeTheHero_tc_1" tests="1" failures="0" timestamp="13 Sep 2022 12:40:05 GMT" time="36.266" errors="0">
  <testcase name="SignUp" time="36.266" classname="betheHeroProject.BeTheHero_tc_1"/>
</testsuite> <!-- betheHeroProject.BeTheHero_tc_1 -->
