<?xml version="1.0" encoding="UTF-8"?>
<!-- Generated by org.testng.reporters.JUnitReportReporter -->
<testsuite skipped="0" hostname="QQSPLOXLTP0078" name="betheHeroProject.BeTheHero_tc_6" tests="1" failures="0" timestamp="13 Sep 2022 12:58:04 GMT" time="28.076" errors="0">
  <testcase name="testCase6" time="28.076" classname="betheHeroProject.BeTheHero_tc_6"/>
</testsuite> <!-- betheHeroProject.BeTheHero_tc_6 -->
