<?xml version="1.0" encoding="UTF-8"?>
<!-- Generated by org.testng.reporters.JUnitReportReporter -->
<testsuite skipped="0" hostname="QQSPLOXLTP0078" name="betheHeroProject.BeTheHero_tc_5" tests="1" failures="0" timestamp="13 Sep 2022 12:11:50 GMT" time="22.051" errors="0">
  <testcase name="testCse5" time="22.051" classname="betheHeroProject.BeTheHero_tc_5"/>
</testsuite> <!-- betheHeroProject.BeTheHero_tc_5 -->
