<?xml version="1.0" encoding="UTF-8"?>
<!-- Generated by org.testng.reporters.JUnitReportReporter -->
<testsuite skipped="0" hostname="QQSPLOXLTP0078" name="betheHeroProject.BeTheHero_tc_10" tests="1" failures="0" timestamp="13 Sep 2022 10:04:37 GMT" time="29.424" errors="0">
  <testcase name="testCase10" time="29.424" classname="betheHeroProject.BeTheHero_tc_10"/>
</testsuite> <!-- betheHeroProject.BeTheHero_tc_10 -->
