<?xml version="1.0" encoding="UTF-8"?>
<!-- Generated by org.testng.reporters.JUnitReportReporter -->
<testsuite skipped="0" hostname="QQSPLOXLTP0078" name="betheHeroProject.BeTheHero_tc_8" tests="1" failures="0" timestamp="13 Sep 2022 10:02:44 GMT" time="20.245" errors="0">
  <testcase name="testCase8" time="20.245" classname="betheHeroProject.BeTheHero_tc_8"/>
</testsuite> <!-- betheHeroProject.BeTheHero_tc_8 -->
