<?xml version="1.0" encoding="UTF-8"?>
<!-- Generated by org.testng.reporters.JUnitReportReporter -->
<testsuite skipped="0" hostname="QQSPLOXLTP0078" name="betheHeroProject.BeTheHero_tc_7" tests="1" failures="0" timestamp="13 Sep 2022 10:02:06 GMT" time="22.112" errors="0">
  <testcase name="testCase7" time="22.112" classname="betheHeroProject.BeTheHero_tc_7"/>
</testsuite> <!-- betheHeroProject.BeTheHero_tc_7 -->
