<?xml version="1.0" encoding="UTF-8"?>
<!-- Generated by org.testng.reporters.JUnitReportReporter -->
<testsuite skipped="0" hostname="QQSPLOXLTP0078" name="betheHeroProject.BeTheHero_tc_4" tests="1" failures="0" timestamp="13 Sep 2022 09:56:55 GMT" time="24.121" errors="0">
  <testcase name="testCase3" time="24.121" classname="betheHeroProject.BeTheHero_tc_4"/>
</testsuite> <!-- betheHeroProject.BeTheHero_tc_4 -->
